2025-03-09 23:40:33,994 [DEBUG]  Available web server routes: 
/conversations/<conversation_id:path>/messages     POST                           add_message
/conversations/<conversation_id:path>/tracker/events POST                           append_events
/webhooks/rasa                                     GET                            custom_webhook_RasaChatInput.health
/webhooks/rasa/webhook                             POST                           custom_webhook_RasaChatInput.receive
/webhooks/rest                                     GET                            custom_webhook_RestInput.health
/webhooks/rest/webhook                             POST                           custom_webhook_RestInput.receive
/model/test/intents                                POST                           evaluate_intents
/model/test/stories                                POST                           evaluate_stories
/conversations/<conversation_id:path>/execute      POST                           execute_action
/domain                                            GET                            get_domain
/                                                  GET                            hello
/model                                             PUT                            load_model
/model/parse                                       POST                           parse
/conversations/<conversation_id:path>/predict      POST                           predict
/conversations/<conversation_id:path>/tracker/events PUT                            replace_events
/conversations/<conversation_id:path>/story        GET                            retrieve_story
/conversations/<conversation_id:path>/tracker      GET                            retrieve_tracker
/status                                            GET                            status
/model/predict                                     POST                           tracker_predict
/model/train                                       POST                           train
/conversations/<conversation_id:path>/trigger_intent POST                           trigger_intent
/model                                             DELETE                         unload_model
/version                                           GET                            version
2025-03-09 23:40:33,995 [INFO ]  Starting Rasa server on http://0.0.0.0:5005
2025-03-09 23:40:33,996 [DEBUG]  Using the default number of Sanic workers (1).
2025-03-09 23:40:34,105 [DEBUG]  Skipping telemetry reporting: no license hash found.
2025-03-09 23:40:34,137 [DEBUG]  Connected to InMemoryTrackerStore.
2025-03-09 23:40:34,137 [DEBUG]  Connected to lock store 'InMemoryLockStore'.
2025-03-09 23:40:34,138 [DEBUG]  Instantiated NLG to 'TemplatedNaturalLanguageGenerator'.
2025-03-09 23:40:34,138 [INFO ]  Loading model models/20250309-233914-quiet-bucket.tar.gz...
2025-03-09 23:40:34,207 [DEBUG]  Extracted model to '/var/folders/gh/28l9zctx54x7vlclls27v5vr0000gn/T/tmpmufvj3r0'.
2025-03-09 23:40:34,210 [DEBUG]  Node 'nlu_message_converter' loading 'NLUMessageConverter.load' and kwargs: '{}'.
2025-03-09 23:40:34,210 [DEBUG]  Node 'run_WhitespaceTokenizer0' loading 'WhitespaceTokenizer.load' and kwargs: '{}'.
2025-03-09 23:40:34,212 [DEBUG]  Node 'run_RegexFeaturizer1' loading 'RegexFeaturizer.load' and kwargs: '{}'.
2025-03-09 23:40:34,212 [DEBUG]  Resource 'train_RegexFeaturizer1' was requested for reading.
2025-03-09 23:40:34,212 [DEBUG]  Node 'run_LexicalSyntacticFeaturizer2' loading 'LexicalSyntacticFeaturizer.load' and kwargs: '{}'.
2025-03-09 23:40:34,212 [DEBUG]  Resource 'train_LexicalSyntacticFeaturizer2' was requested for reading.
2025-03-09 23:40:34,212 [DEBUG]  Node 'run_CountVectorsFeaturizer3' loading 'CountVectorsFeaturizer.load' and kwargs: '{}'.
2025-03-09 23:40:34,212 [DEBUG]  Resource 'train_CountVectorsFeaturizer3' was requested for reading.
2025-03-09 23:40:34,213 [DEBUG]  Node 'run_LanguageModelFeaturizer4' loading 'LanguageModelFeaturizer.load' and kwargs: '{}'.
2025-03-09 23:40:34,764 [DEBUG]  Loading Tokenizer and Model for bert
2025-03-09 23:40:34,766 [DEBUG]  Starting new HTTPS connection (1): huggingface.co:443
2025-03-09 23:40:35,162 [DEBUG]  https://huggingface.co:443 "HEAD /bert-base-cased/resolve/main/tokenizer_config.json HTTP/1.1" 200 0
2025-03-09 23:40:35,406 [DEBUG]  https://huggingface.co:443 "HEAD /bert-base-cased/resolve/main/config.json HTTP/1.1" 200 0
2025-03-09 23:40:36,260 [DEBUG]  Node 'run_DIETClassifier5' loading 'DIETClassifier.load' and kwargs: '{}'.
2025-03-09 23:40:36,260 [DEBUG]  Resource 'train_DIETClassifier5' was requested for reading.
2025-03-09 23:40:36,261 [DEBUG]  Loading the model from /var/folders/gh/28l9zctx54x7vlclls27v5vr0000gn/T/tmp81ldhfha/train_DIETClassifier5/DIETClassifier.tf_model with finetune_mode=False...
2025-03-09 23:40:36,270 [DEBUG]  You specified 'DIET' to train entities, but no entities are present in the training data. Skipping training of entities.
2025-03-09 23:40:36,286 [DEBUG]  Following metrics will be logged during training: 
2025-03-09 23:40:36,286 [DEBUG]    t_loss (total loss)
2025-03-09 23:40:36,286 [DEBUG]    i_acc (intent acc)
2025-03-09 23:40:36,286 [DEBUG]    i_loss (intent loss)
2025-03-09 23:40:36,304 [WARNI]  At this time, the v2.11+ optimizer `tf.keras.optimizers.Adam` runs slowly on M1/M2 Macs, please use the legacy Keras optimizer instead, located at `tf.keras.optimizers.legacy.Adam`.
2025-03-09 23:40:36,306 [WARNI]  There is a known slowdown when using v2.11+ Keras optimizers on M1/M2 Macs. Falling back to the legacy Keras optimizer, i.e., `tf.keras.optimizers.legacy.Adam`.
2025-03-09 23:40:40,413 [DEBUG]  Finished loading the model.
2025-03-09 23:40:40,414 [DEBUG]  Node 'run_EntitySynonymMapper6' loading 'EntitySynonymMapper.load' and kwargs: '{}'.
2025-03-09 23:40:40,414 [DEBUG]  Resource 'train_EntitySynonymMapper6' was requested for reading.
2025-03-09 23:40:40,414 [DEBUG]  Failed to load ABCMeta from model storage. Resource 'train_EntitySynonymMapper6' doesn't exist.
2025-03-09 23:40:40,414 [DEBUG]  Node 'run_ResponseSelector7' loading 'ResponseSelector.load' and kwargs: '{}'.
2025-03-09 23:40:40,414 [DEBUG]  Resource 'train_ResponseSelector7' was requested for reading.
2025-03-09 23:40:40,414 [DEBUG]  Failed to load ABCMeta from model storage. Resource 'train_ResponseSelector7' doesn't exist.
2025-03-09 23:40:40,414 [DEBUG]  Resource 'train_ResponseSelector7' was requested for reading.
2025-03-09 23:40:40,414 [DEBUG]  Failed to load ResponseSelector from model storage. Resource 'train_ResponseSelector7' doesn't exist.
2025-03-09 23:40:40,415 [DEBUG]  Node 'run_RegexMessageHandler' loading 'RegexMessageHandler.load' and kwargs: '{}'.
2025-03-09 23:40:40,415 [DEBUG]  Node 'domain_provider' loading 'DomainProvider.load' and kwargs: '{}'.
2025-03-09 23:40:40,415 [DEBUG]  Resource 'domain_provider' was requested for reading.
2025-03-09 23:40:40,428 [DEBUG]  Node 'run_MemoizationPolicy0' loading 'MemoizationPolicy.load' and kwargs: '{}'.
2025-03-09 23:40:40,428 [DEBUG]  Resource 'train_MemoizationPolicy0' was requested for reading.
2025-03-09 23:40:40,428 [DEBUG]  Node 'run_RulePolicy1' loading 'RulePolicy.load' and kwargs: '{}'.
2025-03-09 23:40:40,428 [DEBUG]  Resource 'train_RulePolicy1' was requested for reading.
2025-03-09 23:40:40,429 [DEBUG]  Node 'run_TEDPolicy2' loading 'TEDPolicy.load' and kwargs: '{}'.
2025-03-09 23:40:40,429 [DEBUG]  Resource 'train_TEDPolicy2' was requested for reading.
2025-03-09 23:40:40,430 [DEBUG]  Loading the model from /var/folders/gh/28l9zctx54x7vlclls27v5vr0000gn/T/tmp81ldhfha/train_TEDPolicy2/ted_policy.tf_model with finetune_mode=False...
2025-03-09 23:40:40,465 [WARNI]  At this time, the v2.11+ optimizer `tf.keras.optimizers.Adam` runs slowly on M1/M2 Macs, please use the legacy Keras optimizer instead, located at `tf.keras.optimizers.legacy.Adam`.
2025-03-09 23:40:40,467 [WARNI]  There is a known slowdown when using v2.11+ Keras optimizers on M1/M2 Macs. Falling back to the legacy Keras optimizer, i.e., `tf.keras.optimizers.legacy.Adam`.
2025-03-09 23:40:45,583 [DEBUG]  Finished loading the model.
2025-03-09 23:40:45,584 [DEBUG]  Node 'rule_only_data_provider' loading 'RuleOnlyDataProvider.load' and kwargs: '{}'.
2025-03-09 23:40:45,584 [DEBUG]  Resource 'train_RulePolicy1' was requested for reading.
2025-03-09 23:40:45,584 [DEBUG]  Node 'select_prediction' loading 'DefaultPolicyPredictionEnsemble.load' and kwargs: '{}'.
2025-03-09 23:40:45,588 [INFO ]  Rasa server is up and running.
2025-03-09 23:40:45,588 [INFO ]  Enabling coroutine debugging. Loop id 13209036464.
2025-03-09 23:41:07,963 [DEBUG]  Issuing ticket for conversation 'PractikumStudent'.
2025-03-09 23:41:07,964 [DEBUG]  Acquiring lock for conversation 'PractikumStudent'.
2025-03-09 23:41:07,964 [DEBUG]  Acquired lock for conversation 'PractikumStudent'.
2025-03-09 23:41:07,964 [DEBUG]  Could not find tracker for conversation ID 'PractikumStudent'.
2025-03-09 23:41:07,965 [DEBUG]  No event broker configured. Skipping streaming events.
2025-03-09 23:41:07,965 [DEBUG]  Starting a new session for conversation ID 'PractikumStudent'.
2025-03-09 23:41:07,970 [DEBUG]  [[32m[1mdebug    [0m] [1mprocessor.actions.policy_prediction[0m [36mprediction_events[0m=[35m[][0m
2025-03-09 23:41:07,971 [DEBUG]  [[32m[1mdebug    [0m] [1mprocessor.actions.log         [0m [36maction_name[0m=[35maction_session_start[0m [36mrasa_events[0m=[35m[<rasa.shared.core.events.SessionStarted object at 0x35bd8e560>, ActionExecuted(action: action_listen, policy: None, confidence: None)][0m
2025-03-09 23:41:07,971 [DEBUG]  [[32m[1mdebug    [0m] [1mprocessor.slots.log           [0m [36mslot_values[0m=[35m	topic: None
	session_started_metadata: None[0m
2025-03-09 23:41:07,972 [DEBUG]  Running graph with inputs: {'__message__': [<rasa.core.channels.channel.UserMessage object at 0x35bd8ef80>], '__tracker__': <rasa.shared.core.trackers.DialogueStateTracker object at 0x35bd8d270>}, targets: ['run_RegexMessageHandler'] and ExecutionContext(model_id='52a20b7ae747488dadf7c997f117d888', should_add_diagnostic_data=False, is_finetuning=False, node_name=None).
2025-03-09 23:41:07,973 [DEBUG]  Node 'nlu_message_converter' running 'NLUMessageConverter.convert_user_message'.
2025-03-09 23:41:07,974 [DEBUG]  Node 'run_WhitespaceTokenizer0' running 'WhitespaceTokenizer.process'.
2025-03-09 23:41:07,975 [DEBUG]  Node 'run_RegexFeaturizer1' running 'RegexFeaturizer.process'.
2025-03-09 23:41:07,975 [DEBUG]  Node 'run_LexicalSyntacticFeaturizer2' running 'LexicalSyntacticFeaturizer.process'.
2025-03-09 23:41:07,975 [DEBUG]  Node 'run_CountVectorsFeaturizer3' running 'CountVectorsFeaturizer.process'.
2025-03-09 23:41:07,976 [DEBUG]  Node 'run_LanguageModelFeaturizer4' running 'LanguageModelFeaturizer.process'.
2025-03-09 23:41:08,112 [DEBUG]  Node 'run_DIETClassifier5' running 'DIETClassifier.process'.
2025-03-09 23:41:08,208 [DEBUG]  Node 'run_EntitySynonymMapper6' running 'EntitySynonymMapper.process'.
2025-03-09 23:41:08,208 [DEBUG]  Node 'run_ResponseSelector7' running 'ResponseSelector.process'.
2025-03-09 23:41:08,208 [DEBUG]  There is no trained model for 'ResponseSelector': The component is either not trained or didn't receive enough training data.
2025-03-09 23:41:08,208 [DEBUG]  Adding following selector key to message property: default
2025-03-09 23:41:08,208 [DEBUG]  Node 'domain_provider' running 'DomainProvider.provide_inference'.
2025-03-09 23:41:08,208 [DEBUG]  Node 'run_RegexMessageHandler' running 'RegexMessageHandler.process'.
2025-03-09 23:41:08,209 [DEBUG]  [[32m[1mdebug    [0m] [1mprocessor.message.parse       [0m [36mparse_data_entities[0m=[35m[][0m [36mparse_data_intent[0m=[35m{'name': 'goodbye', 'confidence': 0.22790418565273285}[0m [36mparse_data_text[0m=[35mпривет[0m
2025-03-09 23:41:08,209 [DEBUG]  Logged UserUtterance - tracker now has 4 events.
2025-03-09 23:41:08,211 [DEBUG]  Validating extracted slots: topic
2025-03-09 23:41:08,211 [DEBUG]  [[32m[1mdebug    [0m] [1mprocessor.extract.slots       [0m [36maction_extract_slot[0m=[35maction_extract_slots[0m [36mlen_extraction_events[0m=[35m1[0m [36mrasa_events[0m=[35m[SlotSet(key: topic, value: привет)][0m
2025-03-09 23:41:08,211 [DEBUG]  Running graph with inputs: {'__tracker__': <rasa.shared.core.trackers.DialogueStateTracker object at 0x35bd8d270>}, targets: ['select_prediction'] and ExecutionContext(model_id='52a20b7ae747488dadf7c997f117d888', should_add_diagnostic_data=False, is_finetuning=False, node_name=None).
2025-03-09 23:41:08,211 [DEBUG]  Node 'rule_only_data_provider' running 'RuleOnlyDataProvider.provide'.
2025-03-09 23:41:08,211 [DEBUG]  Node 'domain_provider' running 'DomainProvider.provide_inference'.
2025-03-09 23:41:08,211 [DEBUG]  Node 'run_MemoizationPolicy0' running 'MemoizationPolicy.predict_action_probabilities'.
2025-03-09 23:41:08,212 [DEBUG]  [[32m[1mdebug    [0m] [1mmemoization.predict.actions   [0m [36mtracker_states[0m=[35m[{}, {'user': {'intent': 'goodbye'}, 'prev_action': {'action_name': 'action_listen'}}][0m
2025-03-09 23:41:08,212 [DEBUG]  There is a memorised next action 'utter_goodbye'
2025-03-09 23:41:08,212 [DEBUG]  Node 'run_RulePolicy1' running 'RulePolicy.predict_action_probabilities'.
2025-03-09 23:41:08,212 [DEBUG]  [[32m[1mdebug    [0m] [1mrule_policy.actions.find      [0m [36mcurrent_states[0m=[35m
[state 1] user text: привет | previous action name: action_listen[0m
2025-03-09 23:41:08,212 [DEBUG]  There is no applicable rule.
2025-03-09 23:41:08,212 [DEBUG]  [[32m[1mdebug    [0m] [1mrule_policy.actions.find      [0m [36mcurrent_states[0m=[35m
[state 1] user intent: goodbye | previous action name: action_listen[0m
2025-03-09 23:41:08,212 [DEBUG]  There is a rule for the next action 'utter_goodbye'.
2025-03-09 23:41:08,212 [DEBUG]  Node 'run_TEDPolicy2' running 'TEDPolicy.predict_action_probabilities'.
2025-03-09 23:41:08,215 [DEBUG]  TED predicted 'utter_goodbye' based on user intent.
2025-03-09 23:41:08,215 [DEBUG]  Node 'select_prediction' running 'DefaultPolicyPredictionEnsemble.combine_predictions_from_kwargs'.
2025-03-09 23:41:08,215 [DEBUG]  Made prediction using user intent.
2025-03-09 23:41:08,215 [DEBUG]  Added `DefinePrevUserUtteredFeaturization(False)` event.
2025-03-09 23:41:08,215 [DEBUG]  Predicted next action using RulePolicy.
2025-03-09 23:41:08,215 [DEBUG]  Predicted next action 'utter_goodbye' with confidence 1.00.
2025-03-09 23:41:08,216 [DEBUG]  [[32m[1mdebug    [0m] [1mprocessor.actions.policy_prediction[0m [36mprediction_events[0m=[35m[<rasa.shared.core.events.DefinePrevUserUtteredFeaturization object at 0x3567ecc70>][0m
2025-03-09 23:41:08,216 [DEBUG]  [[32m[1mdebug    [0m] [1mprocessor.actions.log         [0m [36maction_name[0m=[35mutter_goodbye[0m [36mrasa_events[0m=[35m[BotUttered('До свидания! Если появятся вопросы по архитектуре ПО, обращайтесь.', {"elements": null, "quick_replies": null, "buttons": null, "attachment": null, "image": null, "custom": null}, {"utter_action": "utter_goodbye"}, 1741549268.215939)][0m
2025-03-09 23:41:08,216 [DEBUG]  Running graph with inputs: {'__tracker__': <rasa.shared.core.trackers.DialogueStateTracker object at 0x35bd8d270>}, targets: ['select_prediction'] and ExecutionContext(model_id='52a20b7ae747488dadf7c997f117d888', should_add_diagnostic_data=False, is_finetuning=False, node_name=None).
2025-03-09 23:41:08,216 [DEBUG]  Node 'rule_only_data_provider' running 'RuleOnlyDataProvider.provide'.
2025-03-09 23:41:08,216 [DEBUG]  Node 'domain_provider' running 'DomainProvider.provide_inference'.
2025-03-09 23:41:08,216 [DEBUG]  Node 'run_MemoizationPolicy0' running 'MemoizationPolicy.predict_action_probabilities'.
2025-03-09 23:41:08,216 [DEBUG]  [[32m[1mdebug    [0m] [1mmemoization.predict.actions   [0m [36mtracker_states[0m=[35m[{'user': {'intent': 'goodbye'}, 'prev_action': {'action_name': 'action_listen'}}, {'user': {'intent': 'goodbye'}, 'prev_action': {'action_name': 'utter_goodbye'}}][0m
2025-03-09 23:41:08,216 [DEBUG]  There is a memorised next action 'action_listen'
2025-03-09 23:41:08,216 [DEBUG]  Node 'run_RulePolicy1' running 'RulePolicy.predict_action_probabilities'.
2025-03-09 23:41:08,217 [DEBUG]  [[32m[1mdebug    [0m] [1mrule_policy.actions.find      [0m [36mcurrent_states[0m=[35m
[state 1] user intent: goodbye | previous action name: action_listen
[state 2] user intent: goodbye | previous action name: utter_goodbye[0m
2025-03-09 23:41:08,217 [DEBUG]  There is a rule for the next action 'action_listen'.
2025-03-09 23:41:08,217 [DEBUG]  Node 'run_TEDPolicy2' running 'TEDPolicy.predict_action_probabilities'.
2025-03-09 23:41:08,219 [DEBUG]  TED predicted 'action_listen' based on user intent.
2025-03-09 23:41:08,219 [DEBUG]  Node 'select_prediction' running 'DefaultPolicyPredictionEnsemble.combine_predictions_from_kwargs'.
2025-03-09 23:41:08,219 [DEBUG]  Predicted next action using RulePolicy.
2025-03-09 23:41:08,219 [DEBUG]  Predicted next action 'action_listen' with confidence 1.00.
2025-03-09 23:41:08,219 [DEBUG]  [[32m[1mdebug    [0m] [1mprocessor.actions.policy_prediction[0m [36mprediction_events[0m=[35m[][0m
2025-03-09 23:41:08,220 [DEBUG]  [[32m[1mdebug    [0m] [1mprocessor.actions.log         [0m [36maction_name[0m=[35maction_listen[0m [36mrasa_events[0m=[35m[][0m
2025-03-09 23:41:08,220 [DEBUG]  No event broker configured. Skipping streaming events.
2025-03-09 23:41:08,220 [DEBUG]  Deleted lock for conversation 'PractikumStudent'.
2025-03-09 23:41:22,763 [DEBUG]  Issuing ticket for conversation 'PractikumStudent'.
2025-03-09 23:41:22,763 [DEBUG]  Acquiring lock for conversation 'PractikumStudent'.
2025-03-09 23:41:22,764 [DEBUG]  Acquired lock for conversation 'PractikumStudent'.
2025-03-09 23:41:22,764 [DEBUG]  Recreating tracker for id 'PractikumStudent'
2025-03-09 23:41:22,768 [DEBUG]  Running graph with inputs: {'__message__': [<rasa.core.channels.channel.UserMessage object at 0x3586ea560>], '__tracker__': <rasa.shared.core.trackers.DialogueStateTracker object at 0x3567ef700>}, targets: ['run_RegexMessageHandler'] and ExecutionContext(model_id='52a20b7ae747488dadf7c997f117d888', should_add_diagnostic_data=False, is_finetuning=False, node_name=None).
2025-03-09 23:41:22,771 [DEBUG]  Node 'nlu_message_converter' running 'NLUMessageConverter.convert_user_message'.
2025-03-09 23:41:22,772 [DEBUG]  Node 'run_WhitespaceTokenizer0' running 'WhitespaceTokenizer.process'.
2025-03-09 23:41:22,773 [DEBUG]  Node 'run_RegexFeaturizer1' running 'RegexFeaturizer.process'.
2025-03-09 23:41:22,773 [DEBUG]  Node 'run_LexicalSyntacticFeaturizer2' running 'LexicalSyntacticFeaturizer.process'.
2025-03-09 23:41:22,774 [DEBUG]  Node 'run_CountVectorsFeaturizer3' running 'CountVectorsFeaturizer.process'.
2025-03-09 23:41:22,775 [DEBUG]  Node 'run_LanguageModelFeaturizer4' running 'LanguageModelFeaturizer.process'.
2025-03-09 23:41:22,916 [DEBUG]  Node 'run_DIETClassifier5' running 'DIETClassifier.process'.
2025-03-09 23:41:22,918 [DEBUG]  Node 'run_EntitySynonymMapper6' running 'EntitySynonymMapper.process'.
2025-03-09 23:41:22,918 [DEBUG]  Node 'run_ResponseSelector7' running 'ResponseSelector.process'.
2025-03-09 23:41:22,918 [DEBUG]  There is no trained model for 'ResponseSelector': The component is either not trained or didn't receive enough training data.
2025-03-09 23:41:22,919 [DEBUG]  Adding following selector key to message property: default
2025-03-09 23:41:22,919 [DEBUG]  Node 'domain_provider' running 'DomainProvider.provide_inference'.
2025-03-09 23:41:22,919 [DEBUG]  Node 'run_RegexMessageHandler' running 'RegexMessageHandler.process'.
2025-03-09 23:41:22,919 [DEBUG]  [[32m[1mdebug    [0m] [1mprocessor.message.parse       [0m [36mparse_data_entities[0m=[35m[][0m [36mparse_data_intent[0m=[35m{'name': 'ask_architecture', 'confidence': 0.2795119881629944}[0m [36mparse_data_text[0m=[35mРасскажите об архитектуре ПО[0m
2025-03-09 23:41:22,919 [DEBUG]  Logged UserUtterance - tracker now has 10 events.
2025-03-09 23:41:22,919 [DEBUG]  Validating extracted slots: topic
2025-03-09 23:41:22,919 [DEBUG]  [[32m[1mdebug    [0m] [1mprocessor.extract.slots       [0m [36maction_extract_slot[0m=[35maction_extract_slots[0m [36mlen_extraction_events[0m=[35m1[0m [36mrasa_events[0m=[35m[SlotSet(key: topic, value: Расскажите об архитектуре ПО)][0m
2025-03-09 23:41:22,919 [DEBUG]  Running graph with inputs: {'__tracker__': <rasa.shared.core.trackers.DialogueStateTracker object at 0x3567ef700>}, targets: ['select_prediction'] and ExecutionContext(model_id='52a20b7ae747488dadf7c997f117d888', should_add_diagnostic_data=False, is_finetuning=False, node_name=None).
2025-03-09 23:41:22,919 [DEBUG]  Node 'rule_only_data_provider' running 'RuleOnlyDataProvider.provide'.
2025-03-09 23:41:22,920 [DEBUG]  Node 'domain_provider' running 'DomainProvider.provide_inference'.
2025-03-09 23:41:22,920 [DEBUG]  Node 'run_MemoizationPolicy0' running 'MemoizationPolicy.predict_action_probabilities'.
2025-03-09 23:41:22,920 [DEBUG]  [[32m[1mdebug    [0m] [1mmemoization.predict.actions   [0m [36mtracker_states[0m=[35m[{'user': {'intent': 'goodbye'}, 'prev_action': {'action_name': 'utter_goodbye'}}, {'user': {'intent': 'ask_architecture'}, 'prev_action': {'action_name': 'action_listen'}}][0m
2025-03-09 23:41:22,920 [DEBUG]  There is no memorised next action
2025-03-09 23:41:22,920 [DEBUG]  Node 'run_RulePolicy1' running 'RulePolicy.predict_action_probabilities'.
2025-03-09 23:41:22,920 [DEBUG]  [[32m[1mdebug    [0m] [1mrule_policy.actions.find      [0m [36mcurrent_states[0m=[35m
[state 1] user intent: goodbye | previous action name: action_listen
[state 2] user intent: goodbye | previous action name: utter_goodbye
[state 3] user text: Расскажите об архитектуре ПО | previous action name: action_listen[0m
2025-03-09 23:41:22,920 [DEBUG]  There is no applicable rule.
2025-03-09 23:41:22,920 [DEBUG]  [[32m[1mdebug    [0m] [1mrule_policy.actions.find      [0m [36mcurrent_states[0m=[35m
[state 1] user intent: goodbye | previous action name: action_listen
[state 2] user intent: goodbye | previous action name: utter_goodbye
[state 3] user intent: ask_architecture | previous action name: action_listen[0m
2025-03-09 23:41:22,920 [DEBUG]  There is a rule for the next action 'utter_architecture_response'.
2025-03-09 23:41:22,921 [DEBUG]  Node 'run_TEDPolicy2' running 'TEDPolicy.predict_action_probabilities'.
2025-03-09 23:41:22,923 [DEBUG]  TED predicted 'action_listen' based on user intent.
2025-03-09 23:41:22,923 [DEBUG]  Node 'select_prediction' running 'DefaultPolicyPredictionEnsemble.combine_predictions_from_kwargs'.
2025-03-09 23:41:22,923 [DEBUG]  Made prediction using user intent.
2025-03-09 23:41:22,923 [DEBUG]  Added `DefinePrevUserUtteredFeaturization(False)` event.
2025-03-09 23:41:22,923 [DEBUG]  Predicted next action using RulePolicy.
2025-03-09 23:41:22,923 [DEBUG]  Predicted next action 'utter_architecture_response' with confidence 1.00.
2025-03-09 23:41:22,923 [DEBUG]  [[32m[1mdebug    [0m] [1mprocessor.actions.policy_prediction[0m [36mprediction_events[0m=[35m[<rasa.shared.core.events.DefinePrevUserUtteredFeaturization object at 0x35790e920>][0m
2025-03-09 23:41:22,924 [DEBUG]  [[32m[1mdebug    [0m] [1mprocessor.actions.log         [0m [36maction_name[0m=[35mutter_architecture_response[0m [36mrasa_events[0m=[35m[BotUttered('Архитектура ПО включает выбор структур, которые обеспечивают масштабируемость, гибкость и поддерживаемость приложения. Задайте конкретный вопрос по этой теме, и я помогу вам с информацией.', {"elements": null, "quick_replies": null, "buttons": null, "attachment": null, "image": null, "custom": null}, {"utter_action": "utter_architecture_response"}, 1741549282.92392)][0m
2025-03-09 23:41:22,924 [DEBUG]  Running graph with inputs: {'__tracker__': <rasa.shared.core.trackers.DialogueStateTracker object at 0x3567ef700>}, targets: ['select_prediction'] and ExecutionContext(model_id='52a20b7ae747488dadf7c997f117d888', should_add_diagnostic_data=False, is_finetuning=False, node_name=None).
2025-03-09 23:41:22,924 [DEBUG]  Node 'rule_only_data_provider' running 'RuleOnlyDataProvider.provide'.
2025-03-09 23:41:22,924 [DEBUG]  Node 'domain_provider' running 'DomainProvider.provide_inference'.
2025-03-09 23:41:22,924 [DEBUG]  Node 'run_MemoizationPolicy0' running 'MemoizationPolicy.predict_action_probabilities'.
2025-03-09 23:41:22,924 [DEBUG]  [[32m[1mdebug    [0m] [1mmemoization.predict.actions   [0m [36mtracker_states[0m=[35m[{'user': {'intent': 'ask_architecture'}, 'prev_action': {'action_name': 'action_listen'}}, {'user': {'intent': 'ask_architecture'}, 'prev_action': {'action_name': 'utter_architecture_response'}}][0m
2025-03-09 23:41:22,924 [DEBUG]  There is a memorised next action 'action_listen'
2025-03-09 23:41:22,924 [DEBUG]  Node 'run_RulePolicy1' running 'RulePolicy.predict_action_probabilities'.
2025-03-09 23:41:22,925 [DEBUG]  [[32m[1mdebug    [0m] [1mrule_policy.actions.find      [0m [36mcurrent_states[0m=[35m
[state 1] user intent: goodbye | previous action name: action_listen
[state 2] user intent: goodbye | previous action name: utter_goodbye
[state 3] user intent: ask_architecture | previous action name: action_listen
[state 4] user intent: ask_architecture | previous action name: utter_architecture_response[0m
2025-03-09 23:41:22,925 [DEBUG]  There is a rule for the next action 'action_listen'.
2025-03-09 23:41:22,925 [DEBUG]  Node 'run_TEDPolicy2' running 'TEDPolicy.predict_action_probabilities'.
2025-03-09 23:41:22,927 [DEBUG]  TED predicted 'action_listen' based on user intent.
2025-03-09 23:41:22,927 [DEBUG]  Node 'select_prediction' running 'DefaultPolicyPredictionEnsemble.combine_predictions_from_kwargs'.
2025-03-09 23:41:22,927 [DEBUG]  Predicted next action using RulePolicy.
2025-03-09 23:41:22,927 [DEBUG]  Predicted next action 'action_listen' with confidence 1.00.
2025-03-09 23:41:22,927 [DEBUG]  [[32m[1mdebug    [0m] [1mprocessor.actions.policy_prediction[0m [36mprediction_events[0m=[35m[][0m
2025-03-09 23:41:22,927 [DEBUG]  [[32m[1mdebug    [0m] [1mprocessor.actions.log         [0m [36maction_name[0m=[35maction_listen[0m [36mrasa_events[0m=[35m[][0m
2025-03-09 23:41:22,927 [DEBUG]  No event broker configured. Skipping streaming events.
2025-03-09 23:41:22,928 [DEBUG]  Deleted lock for conversation 'PractikumStudent'.
2025-03-09 23:42:06,042 [DEBUG]  Issuing ticket for conversation 'PractikumStudent'.
2025-03-09 23:42:06,043 [DEBUG]  Acquiring lock for conversation 'PractikumStudent'.
2025-03-09 23:42:06,043 [DEBUG]  Acquired lock for conversation 'PractikumStudent'.
2025-03-09 23:42:06,043 [DEBUG]  Recreating tracker for id 'PractikumStudent'
2025-03-09 23:42:06,048 [DEBUG]  Running graph with inputs: {'__message__': [<rasa.core.channels.channel.UserMessage object at 0x3586eb100>], '__tracker__': <rasa.shared.core.trackers.DialogueStateTracker object at 0x3567ef700>}, targets: ['run_RegexMessageHandler'] and ExecutionContext(model_id='52a20b7ae747488dadf7c997f117d888', should_add_diagnostic_data=False, is_finetuning=False, node_name=None).
2025-03-09 23:42:06,049 [DEBUG]  Node 'nlu_message_converter' running 'NLUMessageConverter.convert_user_message'.
2025-03-09 23:42:06,050 [DEBUG]  Node 'run_WhitespaceTokenizer0' running 'WhitespaceTokenizer.process'.
2025-03-09 23:42:06,051 [DEBUG]  Node 'run_RegexFeaturizer1' running 'RegexFeaturizer.process'.
2025-03-09 23:42:06,052 [DEBUG]  Node 'run_LexicalSyntacticFeaturizer2' running 'LexicalSyntacticFeaturizer.process'.
2025-03-09 23:42:06,053 [DEBUG]  Node 'run_CountVectorsFeaturizer3' running 'CountVectorsFeaturizer.process'.
2025-03-09 23:42:06,054 [DEBUG]  Node 'run_LanguageModelFeaturizer4' running 'LanguageModelFeaturizer.process'.
2025-03-09 23:42:06,198 [DEBUG]  Node 'run_DIETClassifier5' running 'DIETClassifier.process'.
2025-03-09 23:42:06,200 [DEBUG]  Node 'run_EntitySynonymMapper6' running 'EntitySynonymMapper.process'.
2025-03-09 23:42:06,200 [DEBUG]  Node 'run_ResponseSelector7' running 'ResponseSelector.process'.
2025-03-09 23:42:06,200 [DEBUG]  There is no trained model for 'ResponseSelector': The component is either not trained or didn't receive enough training data.
2025-03-09 23:42:06,201 [DEBUG]  Adding following selector key to message property: default
2025-03-09 23:42:06,201 [DEBUG]  Node 'domain_provider' running 'DomainProvider.provide_inference'.
2025-03-09 23:42:06,201 [DEBUG]  Node 'run_RegexMessageHandler' running 'RegexMessageHandler.process'.
2025-03-09 23:42:06,201 [DEBUG]  [[32m[1mdebug    [0m] [1mprocessor.message.parse       [0m [36mparse_data_entities[0m=[35m[][0m [36mparse_data_intent[0m=[35m{'name': 'ask_architecture', 'confidence': 0.35085511207580566}[0m [36mparse_data_text[0m=[35mкакие есть структуры в архитектуре ПО?[0m
2025-03-09 23:42:06,201 [DEBUG]  Logged UserUtterance - tracker now has 16 events.
2025-03-09 23:42:06,201 [DEBUG]  Validating extracted slots: topic
2025-03-09 23:42:06,201 [DEBUG]  [[32m[1mdebug    [0m] [1mprocessor.extract.slots       [0m [36maction_extract_slot[0m=[35maction_extract_slots[0m [36mlen_extraction_events[0m=[35m1[0m [36mrasa_events[0m=[35m[SlotSet(key: topic, value: какие есть структуры в архитектуре ПО?)][0m
2025-03-09 23:42:06,201 [DEBUG]  Running graph with inputs: {'__tracker__': <rasa.shared.core.trackers.DialogueStateTracker object at 0x3567ef700>}, targets: ['select_prediction'] and ExecutionContext(model_id='52a20b7ae747488dadf7c997f117d888', should_add_diagnostic_data=False, is_finetuning=False, node_name=None).
2025-03-09 23:42:06,202 [DEBUG]  Node 'rule_only_data_provider' running 'RuleOnlyDataProvider.provide'.
2025-03-09 23:42:06,202 [DEBUG]  Node 'domain_provider' running 'DomainProvider.provide_inference'.
2025-03-09 23:42:06,202 [DEBUG]  Node 'run_MemoizationPolicy0' running 'MemoizationPolicy.predict_action_probabilities'.
2025-03-09 23:42:06,202 [DEBUG]  [[32m[1mdebug    [0m] [1mmemoization.predict.actions   [0m [36mtracker_states[0m=[35m[{'user': {'intent': 'ask_architecture'}, 'prev_action': {'action_name': 'utter_architecture_response'}}, {'user': {'intent': 'ask_architecture'}, 'prev_action': {'action_name': 'action_listen'}}][0m
2025-03-09 23:42:06,202 [DEBUG]  There is no memorised next action
2025-03-09 23:42:06,202 [DEBUG]  Node 'run_RulePolicy1' running 'RulePolicy.predict_action_probabilities'.
2025-03-09 23:42:06,202 [DEBUG]  [[32m[1mdebug    [0m] [1mrule_policy.actions.find      [0m [36mcurrent_states[0m=[35m
[state 1] user intent: goodbye | previous action name: action_listen
[state 2] user intent: goodbye | previous action name: utter_goodbye
[state 3] user intent: ask_architecture | previous action name: action_listen
[state 4] user intent: ask_architecture | previous action name: utter_architecture_response
[state 5] user text: какие есть структуры в архитектуре ПО? | previous action name: action_listen[0m
2025-03-09 23:42:06,202 [DEBUG]  There is no applicable rule.
2025-03-09 23:42:06,203 [DEBUG]  [[32m[1mdebug    [0m] [1mrule_policy.actions.find      [0m [36mcurrent_states[0m=[35m
[state 1] user intent: goodbye | previous action name: action_listen
[state 2] user intent: goodbye | previous action name: utter_goodbye
[state 3] user intent: ask_architecture | previous action name: action_listen
[state 4] user intent: ask_architecture | previous action name: utter_architecture_response
[state 5] user intent: ask_architecture | previous action name: action_listen[0m
2025-03-09 23:42:06,203 [DEBUG]  There is a rule for the next action 'utter_architecture_response'.
2025-03-09 23:42:06,203 [DEBUG]  Node 'run_TEDPolicy2' running 'TEDPolicy.predict_action_probabilities'.
2025-03-09 23:42:06,205 [DEBUG]  TED predicted 'action_listen' based on user intent.
2025-03-09 23:42:06,205 [DEBUG]  Node 'select_prediction' running 'DefaultPolicyPredictionEnsemble.combine_predictions_from_kwargs'.
2025-03-09 23:42:06,205 [DEBUG]  Made prediction using user intent.
2025-03-09 23:42:06,205 [DEBUG]  Added `DefinePrevUserUtteredFeaturization(False)` event.
2025-03-09 23:42:06,205 [DEBUG]  Predicted next action using RulePolicy.
2025-03-09 23:42:06,206 [DEBUG]  Predicted next action 'utter_architecture_response' with confidence 1.00.
2025-03-09 23:42:06,206 [DEBUG]  [[32m[1mdebug    [0m] [1mprocessor.actions.policy_prediction[0m [36mprediction_events[0m=[35m[<rasa.shared.core.events.DefinePrevUserUtteredFeaturization object at 0x35790e860>][0m
2025-03-09 23:42:06,206 [DEBUG]  [[32m[1mdebug    [0m] [1mprocessor.actions.log         [0m [36maction_name[0m=[35mutter_architecture_response[0m [36mrasa_events[0m=[35m[BotUttered('Архитектура ПО включает выбор структур, которые обеспечивают масштабируемость, гибкость и поддерживаемость приложения. Задайте конкретный вопрос по этой теме, и я помогу вам с информацией.', {"elements": null, "quick_replies": null, "buttons": null, "attachment": null, "image": null, "custom": null}, {"utter_action": "utter_architecture_response"}, 1741549326.2061949)][0m
2025-03-09 23:42:06,206 [DEBUG]  Running graph with inputs: {'__tracker__': <rasa.shared.core.trackers.DialogueStateTracker object at 0x3567ef700>}, targets: ['select_prediction'] and ExecutionContext(model_id='52a20b7ae747488dadf7c997f117d888', should_add_diagnostic_data=False, is_finetuning=False, node_name=None).
2025-03-09 23:42:06,206 [DEBUG]  Node 'rule_only_data_provider' running 'RuleOnlyDataProvider.provide'.
2025-03-09 23:42:06,206 [DEBUG]  Node 'domain_provider' running 'DomainProvider.provide_inference'.
2025-03-09 23:42:06,207 [DEBUG]  Node 'run_MemoizationPolicy0' running 'MemoizationPolicy.predict_action_probabilities'.
2025-03-09 23:42:06,207 [DEBUG]  [[32m[1mdebug    [0m] [1mmemoization.predict.actions   [0m [36mtracker_states[0m=[35m[{'user': {'intent': 'ask_architecture'}, 'prev_action': {'action_name': 'action_listen'}}, {'user': {'intent': 'ask_architecture'}, 'prev_action': {'action_name': 'utter_architecture_response'}}][0m
2025-03-09 23:42:06,207 [DEBUG]  There is a memorised next action 'action_listen'
2025-03-09 23:42:06,207 [DEBUG]  Node 'run_RulePolicy1' running 'RulePolicy.predict_action_probabilities'.
2025-03-09 23:42:06,207 [DEBUG]  [[32m[1mdebug    [0m] [1mrule_policy.actions.find      [0m [36mcurrent_states[0m=[35m
[state 1] user intent: goodbye | previous action name: action_listen
[state 2] user intent: goodbye | previous action name: utter_goodbye
[state 3] user intent: ask_architecture | previous action name: action_listen
[state 4] user intent: ask_architecture | previous action name: utter_architecture_response
[state 5] user intent: ask_architecture | previous action name: action_listen
[state 6] user intent: ask_architecture | previous action name: utter_architecture_response[0m
2025-03-09 23:42:06,207 [DEBUG]  There is a rule for the next action 'action_listen'.
2025-03-09 23:42:06,207 [DEBUG]  Node 'run_TEDPolicy2' running 'TEDPolicy.predict_action_probabilities'.
2025-03-09 23:42:06,210 [DEBUG]  TED predicted 'action_listen' based on user intent.
2025-03-09 23:42:06,210 [DEBUG]  Node 'select_prediction' running 'DefaultPolicyPredictionEnsemble.combine_predictions_from_kwargs'.
2025-03-09 23:42:06,210 [DEBUG]  Predicted next action using RulePolicy.
2025-03-09 23:42:06,210 [DEBUG]  Predicted next action 'action_listen' with confidence 1.00.
2025-03-09 23:42:06,210 [DEBUG]  [[32m[1mdebug    [0m] [1mprocessor.actions.policy_prediction[0m [36mprediction_events[0m=[35m[][0m
2025-03-09 23:42:06,210 [DEBUG]  [[32m[1mdebug    [0m] [1mprocessor.actions.log         [0m [36maction_name[0m=[35maction_listen[0m [36mrasa_events[0m=[35m[][0m
2025-03-09 23:42:06,210 [DEBUG]  No event broker configured. Skipping streaming events.
2025-03-09 23:42:06,211 [DEBUG]  Deleted lock for conversation 'PractikumStudent'.
